<?xml version="1.0" encoding="UTF-8"?>
<testsuite xmlns:xsi="http://www.w3.org/2001/XMLSchema-instance" xsi:noNamespaceSchemaLocation="https://maven.apache.org/surefire/maven-surefire-plugin/xsd/surefire-test-report-3.0.xsd" version="3.0" name="co.eduunicauca.figures.domain.entities.TriangleTest" time="0.125" tests="32" errors="0" skipped="0" failures="0">
  <properties>
[...]
</properties>
  <testcase name="testGetBase1" classname="co.eduunicauca.figures.domain.entities.TriangleTest" time="0.023">
    <system-out><![CDATA[getBase
]]></system-out>
  </testcase>
  <testcase name="testGetBase2" classname="co.eduunicauca.figures.domain.entities.TriangleTest" time="0.002">
    <system-out><![CDATA[getBase
]]></system-out>
  </testcase>
  <testcase name="testGetBase3" classname="co.eduunicauca.figures.domain.entities.TriangleTest" time="0.002">
    <system-out><![CDATA[getBase
]]></system-out>
  </testcase>
  <testcase name="testGetLado1" classname="co.eduunicauca.figures.domain.entities.TriangleTest" time="0.001">
    <system-out><![CDATA[getLado
]]></system-out>
  </testcase>
  <testcase name="testGetLado2" classname="co.eduunicauca.figures.domain.entities.TriangleTest" time="0.001">
    <system-out><![CDATA[getLado
]]></system-out>
  </testcase>
  <testcase name="testGetLado3" classname="co.eduunicauca.figures.domain.entities.TriangleTest" time="0.002">
    <system-out><![CDATA[getLado
]]></system-out>
  </testcase>
  <testcase name="testGetAltura1" classname="co.eduunicauca.figures.domain.entities.TriangleTest" time="0.002">
    <system-out><![CDATA[getAltura
]]></system-out>
  </testcase>
  <testcase name="testGetAltura2" classname="co.eduunicauca.figures.domain.entities.TriangleTest" time="0.002">
    <system-out><![CDATA[getAltura
]]></system-out>
  </testcase>
  <testcase name="testGetAltura3" classname="co.eduunicauca.figures.domain.entities.TriangleTest" time="0.0">
    <system-out><![CDATA[getAltura
]]></system-out>
  </testcase>
  <testcase name="testGetBase" classname="co.eduunicauca.figures.domain.entities.TriangleTest" time="0.0">
    <system-out><![CDATA[getBase
]]></system-out>
  </testcase>
  <testcase name="testGetLado" classname="co.eduunicauca.figures.domain.entities.TriangleTest" time="0.0">
    <system-out><![CDATA[getLado
]]></system-out>
  </testcase>
  <testcase name="testSetAltura" classname="co.eduunicauca.figures.domain.entities.TriangleTest" time="0.0">
    <system-out><![CDATA[setAltura
]]></system-out>
  </testcase>
  <testcase name="testGetAltura" classname="co.eduunicauca.figures.domain.entities.TriangleTest" time="0.0">
    <system-out><![CDATA[getAltura
]]></system-out>
  </testcase>
  <testcase name="testCalculatePerimetro" classname="co.eduunicauca.figures.domain.entities.TriangleTest" time="0.0">
    <system-out><![CDATA[calculatePerimetro
]]></system-out>
  </testcase>
  <testcase name="testCalculateArea" classname="co.eduunicauca.figures.domain.entities.TriangleTest" time="0.0">
    <system-out><![CDATA[calculateArea
]]></system-out>
  </testcase>
  <testcase name="testSetAltura1" classname="co.eduunicauca.figures.domain.entities.TriangleTest" time="0.001">
    <system-out><![CDATA[setAltura
]]></system-out>
  </testcase>
  <testcase name="testSetAltura2" classname="co.eduunicauca.figures.domain.entities.TriangleTest" time="0.0">
    <system-out><![CDATA[setAltura
]]></system-out>
  </testcase>
  <testcase name="testSetAltura3" classname="co.eduunicauca.figures.domain.entities.TriangleTest" time="0.001">
    <system-out><![CDATA[setAltura
]]></system-out>
  </testcase>
  <testcase name="testSetBase" classname="co.eduunicauca.figures.domain.entities.TriangleTest" time="0.0">
    <system-out><![CDATA[setBase
]]></system-out>
  </testcase>
  <testcase name="testSetLado" classname="co.eduunicauca.figures.domain.entities.TriangleTest" time="0.0">
    <system-out><![CDATA[setLado
]]></system-out>
  </testcase>
  <testcase name="testCalculatePerimetro1" classname="co.eduunicauca.figures.domain.entities.TriangleTest" time="0.0">
    <system-out><![CDATA[calculatePerimetro
]]></system-out>
  </testcase>
  <testcase name="testCalculatePerimetro2" classname="co.eduunicauca.figures.domain.entities.TriangleTest" time="0.0">
    <system-out><![CDATA[calculatePerimetro
]]></system-out>
  </testcase>
  <testcase name="testCalculatePerimetro3" classname="co.eduunicauca.figures.domain.entities.TriangleTest" time="0.0">
    <system-out><![CDATA[calculatePerimetro
]]></system-out>
  </testcase>
  <testcase name="testCalculateArea1" classname="co.eduunicauca.figures.domain.entities.TriangleTest" time="0.0">
    <system-out><![CDATA[calculateArea
]]></system-out>
  </testcase>
  <testcase name="testCalculateArea2" classname="co.eduunicauca.figures.domain.entities.TriangleTest" time="0.0">
    <system-out><![CDATA[calculateArea
]]></system-out>
  </testcase>
  <testcase name="testCalculateArea3" classname="co.eduunicauca.figures.domain.entities.TriangleTest" time="0.003">
    <system-out><![CDATA[calculateArea
]]></system-out>
  </testcase>
  <testcase name="testSetBase1" classname="co.eduunicauca.figures.domain.entities.TriangleTest" time="0.001">
    <system-out><![CDATA[setBase
]]></system-out>
  </testcase>
  <testcase name="testSetBase2" classname="co.eduunicauca.figures.domain.entities.TriangleTest" time="0.002">
    <system-out><![CDATA[setBase
]]></system-out>
  </testcase>
  <testcase name="testSetBase3" classname="co.eduunicauca.figures.domain.entities.TriangleTest" time="0.002">
    <system-out><![CDATA[setBase
]]></system-out>
  </testcase>
  <testcase name="testSetLado1" classname="co.eduunicauca.figures.domain.entities.TriangleTest" time="0.002">
    <system-out><![CDATA[setLado
]]></system-out>
  </testcase>
  <testcase name="testSetLado2" classname="co.eduunicauca.figures.domain.entities.TriangleTest" time="0.002">
    <system-out><![CDATA[setLado
]]></system-out>
  </testcase>
  <testcase name="testSetLado3" classname="co.eduunicauca.figures.domain.entities.TriangleTest" time="0.001">
    <system-out><![CDATA[setLado
]]></system-out>
  </testcase>
</testsuite>